2019-06-26 13:45:16.815  INFO 19281 --- [main] c.nexmo.connector.ConnectorApplication   : Starting ConnectorApplication on pjurkovic with PID 19281 (/home/pjurkovic/eclipsews/connector/bin/main started by pjurkovic in /home/pjurkovic/eclipsews/connector)
2019-06-26 13:45:16.824  INFO 19281 --- [main] c.nexmo.connector.ConnectorApplication   : The following profiles are active: dev
2019-06-26 13:45:19.119  INFO 19281 --- [main] faultConfiguringBeanFactoryPostProcessor : No bean named 'errorChannel' has been explicitly defined. Therefore, a default PublishSubscribeChannel will be created.
2019-06-26 13:45:19.126  INFO 19281 --- [main] faultConfiguringBeanFactoryPostProcessor : No bean named 'taskScheduler' has been explicitly defined. Therefore, a default ThreadPoolTaskScheduler will be created.
2019-06-26 13:45:19.130  INFO 19281 --- [main] faultConfiguringBeanFactoryPostProcessor : No bean named 'integrationHeaderChannelRegistry' has been explicitly defined. Therefore, a default DefaultHeaderChannelRegistry will be created.
2019-06-26 13:45:19.196  INFO 19281 --- [main] trationDelegate$BeanPostProcessorChecker : Bean 'org.springframework.kafka.annotation.KafkaBootstrapConfiguration' of type [org.springframework.kafka.annotation.KafkaBootstrapConfiguration$$EnhancerBySpringCGLIB$$e37d5876] is not eligible for getting processed by all BeanPostProcessors (for example: not eligible for auto-proxying)
2019-06-26 13:45:19.211  INFO 19281 --- [main] trationDelegate$BeanPostProcessorChecker : Bean 'integrationDisposableAutoCreatedBeans' of type [org.springframework.integration.config.annotation.Disposables] is not eligible for getting processed by all BeanPostProcessors (for example: not eligible for auto-proxying)
2019-06-26 13:45:19.226  INFO 19281 --- [main] trationDelegate$BeanPostProcessorChecker : Bean 'org.springframework.integration.config.IntegrationManagementConfiguration' of type [org.springframework.integration.config.IntegrationManagementConfiguration$$EnhancerBySpringCGLIB$$7abd0222] is not eligible for getting processed by all BeanPostProcessors (for example: not eligible for auto-proxying)
2019-06-26 13:45:19.242  INFO 19281 --- [main] trationDelegate$BeanPostProcessorChecker : Bean 'org.springframework.boot.autoconfigure.integration.IntegrationAutoConfiguration$IntegrationJmxConfiguration' of type [org.springframework.boot.autoconfigure.integration.IntegrationAutoConfiguration$IntegrationJmxConfiguration$$EnhancerBySpringCGLIB$$564f0d42] is not eligible for getting processed by all BeanPostProcessors (for example: not eligible for auto-proxying)
2019-06-26 13:45:19.260  INFO 19281 --- [main] trationDelegate$BeanPostProcessorChecker : Bean 'org.springframework.boot.autoconfigure.jmx.JmxAutoConfiguration' of type [org.springframework.boot.autoconfigure.jmx.JmxAutoConfiguration$$EnhancerBySpringCGLIB$$8f36b60f] is not eligible for getting processed by all BeanPostProcessors (for example: not eligible for auto-proxying)
2019-06-26 13:45:19.264  INFO 19281 --- [main] trationDelegate$BeanPostProcessorChecker : Bean 'mbeanServer' of type [com.sun.jmx.mbeanserver.JmxMBeanServer] is not eligible for getting processed by all BeanPostProcessors (for example: not eligible for auto-proxying)
2019-06-26 13:45:20.299  INFO 19281 --- [main] o.s.s.c.ThreadPoolTaskScheduler          : Initializing ExecutorService 'taskScheduler'
2019-06-26 13:45:20.360  INFO 19281 --- [main] o.s.b.a.e.web.EndpointLinksResolver      : Exposing 19 endpoint(s) beneath base path '/actuator'
2019-06-26 13:45:21.163  INFO 19281 --- [main] amsStreamListenerSetupMethodOrchestrator : Native decoding is enabled for messages. Inbound deserialization done at the broker.
2019-06-26 13:45:21.242  INFO 19281 --- [main] o.s.i.monitor.IntegrationMBeanExporter   : Registering MessageChannel nullChannel
2019-06-26 13:45:21.272  INFO 19281 --- [main] o.s.i.monitor.IntegrationMBeanExporter   : Registering MessageChannel errorChannel
2019-06-26 13:45:21.340  INFO 19281 --- [main] o.s.i.monitor.IntegrationMBeanExporter   : Registering MessageHandler errorLogger
2019-06-26 13:45:21.382  INFO 19281 --- [main] o.s.i.endpoint.EventDrivenConsumer       : Adding {logging-channel-adapter:_org.springframework.integration.errorLogger} as a subscriber to the 'errorChannel' channel
2019-06-26 13:45:21.383  INFO 19281 --- [main] o.s.i.channel.PublishSubscribeChannel    : Channel 'application.errorChannel' has 1 subscriber(s).
2019-06-26 13:45:21.383  INFO 19281 --- [main] o.s.i.endpoint.EventDrivenConsumer       : started _org.springframework.integration.errorLogger
2019-06-26 13:45:21.635  INFO 19281 --- [main] o.s.c.s.b.k.p.KafkaTopicProvisioner      : Using kafka topic for outbound: callbacks
2019-06-26 13:45:21.636  INFO 19281 --- [main] o.a.k.clients.admin.AdminClientConfig    : AdminClientConfig values: 
	bootstrap.servers = [couchbase.caracas.npe:9093]
	client.id = 
	connections.max.idle.ms = 300000
	metadata.max.age.ms = 300000
	metric.reporters = []
	metrics.num.samples = 2
	metrics.recording.level = INFO
	metrics.sample.window.ms = 30000
	receive.buffer.bytes = 65536
	reconnect.backoff.max.ms = 1000
	reconnect.backoff.ms = 50
	request.timeout.ms = 120000
	retries = 5
	retry.backoff.ms = 100
	sasl.client.callback.handler.class = null
	sasl.jaas.config = null
	sasl.kerberos.kinit.cmd = /usr/bin/kinit
	sasl.kerberos.min.time.before.relogin = 60000
	sasl.kerberos.service.name = null
	sasl.kerberos.ticket.renew.jitter = 0.05
	sasl.kerberos.ticket.renew.window.factor = 0.8
	sasl.login.callback.handler.class = null
	sasl.login.class = null
	sasl.login.refresh.buffer.seconds = 300
	sasl.login.refresh.min.period.seconds = 60
	sasl.login.refresh.window.factor = 0.8
	sasl.login.refresh.window.jitter = 0.05
	sasl.mechanism = GSSAPI
	security.protocol = PLAINTEXT
	send.buffer.bytes = 131072
	ssl.cipher.suites = null
	ssl.enabled.protocols = [TLSv1.2, TLSv1.1, TLSv1]
	ssl.endpoint.identification.algorithm = https
	ssl.key.password = null
	ssl.keymanager.algorithm = SunX509
	ssl.keystore.location = null
	ssl.keystore.password = null
	ssl.keystore.type = JKS
	ssl.protocol = TLS
	ssl.provider = null
	ssl.secure.random.implementation = null
	ssl.trustmanager.algorithm = PKIX
	ssl.truststore.location = null
	ssl.truststore.password = null
	ssl.truststore.type = JKS

2019-06-26 13:45:21.700  WARN 19281 --- [main] org.apache.kafka.clients.ClientUtils     : Removing server couchbase.caracas.npe:9093 from bootstrap.servers as DNS resolution failed for couchbase.caracas.npe
2019-06-26 13:45:21.717 ERROR 19281 --- [main] o.s.cloud.stream.binding.BindingService  : Failed to create producer binding; retrying in 30 seconds

org.apache.kafka.common.KafkaException: Failed create new KafkaAdminClient
	at org.apache.kafka.clients.admin.KafkaAdminClient.createInternal(KafkaAdminClient.java:370) ~[kafka-clients-2.0.1.jar:na]
	at org.apache.kafka.clients.admin.AdminClient.create(AdminClient.java:62) ~[kafka-clients-2.0.1.jar:na]
	at org.springframework.cloud.stream.binder.kafka.provisioning.KafkaTopicProvisioner.provisionProducerDestination(KafkaTopicProvisioner.java:136) ~[spring-cloud-stream-binder-kafka-core-2.1.2.RELEASE.jar:2.1.2.RELEASE]
	at org.springframework.cloud.stream.binder.kafka.streams.KStreamBinder.doBindProducer(KStreamBinder.java:106) ~[spring-cloud-stream-binder-kafka-streams-2.1.2.RELEASE.jar:2.1.2.RELEASE]
	at org.springframework.cloud.stream.binder.kafka.streams.KStreamBinder.doBindProducer(KStreamBinder.java:51) ~[spring-cloud-stream-binder-kafka-streams-2.1.2.RELEASE.jar:2.1.2.RELEASE]
	at org.springframework.cloud.stream.binder.AbstractBinder.bindProducer(AbstractBinder.java:151) ~[spring-cloud-stream-2.1.2.RELEASE.jar:2.1.2.RELEASE]
	at org.springframework.cloud.stream.binding.BindingService.doBindProducer(BindingService.java:268) [spring-cloud-stream-2.1.2.RELEASE.jar:2.1.2.RELEASE]
	at org.springframework.cloud.stream.binding.BindingService.bindProducer(BindingService.java:243) [spring-cloud-stream-2.1.2.RELEASE.jar:2.1.2.RELEASE]
	at org.springframework.cloud.stream.binding.BindableProxyFactory.createAndBindOutputs(BindableProxyFactory.java:287) [spring-cloud-stream-2.1.2.RELEASE.jar:2.1.2.RELEASE]
	at org.springframework.cloud.stream.binding.OutputBindingLifecycle.doStartWithBindable(OutputBindingLifecycle.java:58) [spring-cloud-stream-2.1.2.RELEASE.jar:2.1.2.RELEASE]
	at java.util.LinkedHashMap$LinkedValues.forEach(LinkedHashMap.java:608) ~[na:1.8.0_201]
	at org.springframework.cloud.stream.binding.AbstractBindingLifecycle.start(AbstractBindingLifecycle.java:48) ~[spring-cloud-stream-2.1.2.RELEASE.jar:2.1.2.RELEASE]
	at org.springframework.cloud.stream.binding.OutputBindingLifecycle.start(OutputBindingLifecycle.java:34) [spring-cloud-stream-2.1.2.RELEASE.jar:2.1.2.RELEASE]
	at org.springframework.context.support.DefaultLifecycleProcessor.doStart(DefaultLifecycleProcessor.java:182) ~[spring-context-5.1.7.RELEASE.jar:5.1.7.RELEASE]
	at org.springframework.context.support.DefaultLifecycleProcessor.access$200(DefaultLifecycleProcessor.java:53) ~[spring-context-5.1.7.RELEASE.jar:5.1.7.RELEASE]
	at org.springframework.context.support.DefaultLifecycleProcessor$LifecycleGroup.start(DefaultLifecycleProcessor.java:360) ~[spring-context-5.1.7.RELEASE.jar:5.1.7.RELEASE]
	at org.springframework.context.support.DefaultLifecycleProcessor.startBeans(DefaultLifecycleProcessor.java:158) ~[spring-context-5.1.7.RELEASE.jar:5.1.7.RELEASE]
	at org.springframework.context.support.DefaultLifecycleProcessor.onRefresh(DefaultLifecycleProcessor.java:122) ~[spring-context-5.1.7.RELEASE.jar:5.1.7.RELEASE]
	at org.springframework.context.support.AbstractApplicationContext.finishRefresh(AbstractApplicationContext.java:893) ~[spring-context-5.1.7.RELEASE.jar:5.1.7.RELEASE]
	at org.springframework.boot.web.reactive.context.ReactiveWebServerApplicationContext.finishRefresh(ReactiveWebServerApplicationContext.java:121) ~[spring-boot-2.1.5.RELEASE.jar:2.1.5.RELEASE]
	at org.springframework.context.support.AbstractApplicationContext.refresh(AbstractApplicationContext.java:552) ~[spring-context-5.1.7.RELEASE.jar:5.1.7.RELEASE]
	at org.springframework.boot.web.reactive.context.ReactiveWebServerApplicationContext.refresh(ReactiveWebServerApplicationContext.java:67) ~[spring-boot-2.1.5.RELEASE.jar:2.1.5.RELEASE]
	at org.springframework.boot.SpringApplication.refresh(SpringApplication.java:775) ~[spring-boot-2.1.5.RELEASE.jar:2.1.5.RELEASE]
	at org.springframework.boot.SpringApplication.refreshContext(SpringApplication.java:397) ~[spring-boot-2.1.5.RELEASE.jar:2.1.5.RELEASE]
	at org.springframework.boot.SpringApplication.run(SpringApplication.java:316) ~[spring-boot-2.1.5.RELEASE.jar:2.1.5.RELEASE]
	at org.springframework.boot.SpringApplication.run(SpringApplication.java:1260) ~[spring-boot-2.1.5.RELEASE.jar:2.1.5.RELEASE]
	at org.springframework.boot.SpringApplication.run(SpringApplication.java:1248) ~[spring-boot-2.1.5.RELEASE.jar:2.1.5.RELEASE]
	at com.nexmo.connector.ConnectorApplication.main(ConnectorApplication.java:42) ~[main/:na]
Caused by: org.apache.kafka.common.config.ConfigException: No resolvable bootstrap urls given in bootstrap.servers
	at org.apache.kafka.clients.ClientUtils.parseAndValidateAddresses(ClientUtils.java:66) ~[kafka-clients-2.0.1.jar:na]
	at org.apache.kafka.clients.admin.KafkaAdminClient.<init>(KafkaAdminClient.java:409) ~[kafka-clients-2.0.1.jar:na]
	at org.apache.kafka.clients.admin.KafkaAdminClient.createInternal(KafkaAdminClient.java:363) ~[kafka-clients-2.0.1.jar:na]
	... 27 common frames omitted

2019-06-26 13:45:21.762  INFO 19281 --- [main] o.a.k.clients.admin.AdminClientConfig    : AdminClientConfig values: 
	bootstrap.servers = [couchbase.caracas.npe:9093]
	client.id = 
	connections.max.idle.ms = 300000
	metadata.max.age.ms = 300000
	metric.reporters = []
	metrics.num.samples = 2
	metrics.recording.level = INFO
	metrics.sample.window.ms = 30000
	receive.buffer.bytes = 65536
	reconnect.backoff.max.ms = 1000
	reconnect.backoff.ms = 50
	request.timeout.ms = 120000
	retries = 5
	retry.backoff.ms = 100
	sasl.client.callback.handler.class = null
	sasl.jaas.config = null
	sasl.kerberos.kinit.cmd = /usr/bin/kinit
	sasl.kerberos.min.time.before.relogin = 60000
	sasl.kerberos.service.name = null
	sasl.kerberos.ticket.renew.jitter = 0.05
	sasl.kerberos.ticket.renew.window.factor = 0.8
	sasl.login.callback.handler.class = null
	sasl.login.class = null
	sasl.login.refresh.buffer.seconds = 300
	sasl.login.refresh.min.period.seconds = 60
	sasl.login.refresh.window.factor = 0.8
	sasl.login.refresh.window.jitter = 0.05
	sasl.mechanism = GSSAPI
	security.protocol = PLAINTEXT
	send.buffer.bytes = 131072
	ssl.cipher.suites = null
	ssl.enabled.protocols = [TLSv1.2, TLSv1.1, TLSv1]
	ssl.endpoint.identification.algorithm = https
	ssl.key.password = null
	ssl.keymanager.algorithm = SunX509
	ssl.keystore.location = null
	ssl.keystore.password = null
	ssl.keystore.type = JKS
	ssl.protocol = TLS
	ssl.provider = null
	ssl.secure.random.implementation = null
	ssl.trustmanager.algorithm = PKIX
	ssl.truststore.location = null
	ssl.truststore.password = null
	ssl.truststore.type = JKS

2019-06-26 13:45:21.777  WARN 19281 --- [main] org.apache.kafka.clients.ClientUtils     : Removing server couchbase.caracas.npe:9093 from bootstrap.servers as DNS resolution failed for couchbase.caracas.npe
2019-06-26 13:45:21.792 ERROR 19281 --- [main] o.s.cloud.stream.binding.BindingService  : Failed to create consumer binding; retrying in 30 seconds

org.apache.kafka.common.KafkaException: Failed create new KafkaAdminClient
	at org.apache.kafka.clients.admin.KafkaAdminClient.createInternal(KafkaAdminClient.java:370) ~[kafka-clients-2.0.1.jar:na]
	at org.apache.kafka.clients.admin.AdminClient.create(AdminClient.java:62) ~[kafka-clients-2.0.1.jar:na]
	at org.springframework.cloud.stream.binder.kafka.provisioning.KafkaTopicProvisioner.createAdminClient(KafkaTopicProvisioner.java:217) ~[spring-cloud-stream-binder-kafka-core-2.1.2.RELEASE.jar:2.1.2.RELEASE]
	at org.springframework.cloud.stream.binder.kafka.provisioning.KafkaTopicProvisioner.doProvisionConsumerDestination(KafkaTopicProvisioner.java:193) ~[spring-cloud-stream-binder-kafka-core-2.1.2.RELEASE.jar:2.1.2.RELEASE]
	at org.springframework.cloud.stream.binder.kafka.provisioning.KafkaTopicProvisioner.provisionConsumerDestination(KafkaTopicProvisioner.java:161) ~[spring-cloud-stream-binder-kafka-core-2.1.2.RELEASE.jar:2.1.2.RELEASE]
	at org.springframework.cloud.stream.binder.kafka.streams.KafkaStreamsBinderUtils.prepareConsumerBinding(KafkaStreamsBinderUtils.java:53) ~[spring-cloud-stream-binder-kafka-streams-2.1.2.RELEASE.jar:2.1.2.RELEASE]
	at org.springframework.cloud.stream.binder.kafka.streams.KStreamBinder.doBindConsumer(KStreamBinder.java:93) ~[spring-cloud-stream-binder-kafka-streams-2.1.2.RELEASE.jar:2.1.2.RELEASE]
	at org.springframework.cloud.stream.binder.kafka.streams.KStreamBinder.doBindConsumer(KStreamBinder.java:51) ~[spring-cloud-stream-binder-kafka-streams-2.1.2.RELEASE.jar:2.1.2.RELEASE]
	at org.springframework.cloud.stream.binder.AbstractBinder.bindConsumer(AbstractBinder.java:142) ~[spring-cloud-stream-2.1.2.RELEASE.jar:2.1.2.RELEASE]
	at org.springframework.cloud.stream.binding.BindingService.doBindConsumer(BindingService.java:144) [spring-cloud-stream-2.1.2.RELEASE.jar:2.1.2.RELEASE]
	at org.springframework.cloud.stream.binding.BindingService.bindConsumer(BindingService.java:112) [spring-cloud-stream-2.1.2.RELEASE.jar:2.1.2.RELEASE]
	at org.springframework.cloud.stream.binding.BindableProxyFactory.createAndBindInputs(BindableProxyFactory.java:254) [spring-cloud-stream-2.1.2.RELEASE.jar:2.1.2.RELEASE]
	at org.springframework.cloud.stream.binding.InputBindingLifecycle.doStartWithBindable(InputBindingLifecycle.java:58) [spring-cloud-stream-2.1.2.RELEASE.jar:2.1.2.RELEASE]
	at java.util.LinkedHashMap$LinkedValues.forEach(LinkedHashMap.java:608) ~[na:1.8.0_201]
	at org.springframework.cloud.stream.binding.AbstractBindingLifecycle.start(AbstractBindingLifecycle.java:48) ~[spring-cloud-stream-2.1.2.RELEASE.jar:2.1.2.RELEASE]
	at org.springframework.cloud.stream.binding.InputBindingLifecycle.start(InputBindingLifecycle.java:34) [spring-cloud-stream-2.1.2.RELEASE.jar:2.1.2.RELEASE]
	at org.springframework.context.support.DefaultLifecycleProcessor.doStart(DefaultLifecycleProcessor.java:182) ~[spring-context-5.1.7.RELEASE.jar:5.1.7.RELEASE]
	at org.springframework.context.support.DefaultLifecycleProcessor.access$200(DefaultLifecycleProcessor.java:53) ~[spring-context-5.1.7.RELEASE.jar:5.1.7.RELEASE]
	at org.springframework.context.support.DefaultLifecycleProcessor$LifecycleGroup.start(DefaultLifecycleProcessor.java:360) ~[spring-context-5.1.7.RELEASE.jar:5.1.7.RELEASE]
	at org.springframework.context.support.DefaultLifecycleProcessor.startBeans(DefaultLifecycleProcessor.java:158) ~[spring-context-5.1.7.RELEASE.jar:5.1.7.RELEASE]
	at org.springframework.context.support.DefaultLifecycleProcessor.onRefresh(DefaultLifecycleProcessor.java:122) ~[spring-context-5.1.7.RELEASE.jar:5.1.7.RELEASE]
	at org.springframework.context.support.AbstractApplicationContext.finishRefresh(AbstractApplicationContext.java:893) ~[spring-context-5.1.7.RELEASE.jar:5.1.7.RELEASE]
	at org.springframework.boot.web.reactive.context.ReactiveWebServerApplicationContext.finishRefresh(ReactiveWebServerApplicationContext.java:121) ~[spring-boot-2.1.5.RELEASE.jar:2.1.5.RELEASE]
	at org.springframework.context.support.AbstractApplicationContext.refresh(AbstractApplicationContext.java:552) ~[spring-context-5.1.7.RELEASE.jar:5.1.7.RELEASE]
	at org.springframework.boot.web.reactive.context.ReactiveWebServerApplicationContext.refresh(ReactiveWebServerApplicationContext.java:67) ~[spring-boot-2.1.5.RELEASE.jar:2.1.5.RELEASE]
	at org.springframework.boot.SpringApplication.refresh(SpringApplication.java:775) ~[spring-boot-2.1.5.RELEASE.jar:2.1.5.RELEASE]
	at org.springframework.boot.SpringApplication.refreshContext(SpringApplication.java:397) ~[spring-boot-2.1.5.RELEASE.jar:2.1.5.RELEASE]
	at org.springframework.boot.SpringApplication.run(SpringApplication.java:316) ~[spring-boot-2.1.5.RELEASE.jar:2.1.5.RELEASE]
	at org.springframework.boot.SpringApplication.run(SpringApplication.java:1260) ~[spring-boot-2.1.5.RELEASE.jar:2.1.5.RELEASE]
	at org.springframework.boot.SpringApplication.run(SpringApplication.java:1248) ~[spring-boot-2.1.5.RELEASE.jar:2.1.5.RELEASE]
	at com.nexmo.connector.ConnectorApplication.main(ConnectorApplication.java:42) ~[main/:na]
Caused by: org.apache.kafka.common.config.ConfigException: No resolvable bootstrap urls given in bootstrap.servers
	at org.apache.kafka.clients.ClientUtils.parseAndValidateAddresses(ClientUtils.java:66) ~[kafka-clients-2.0.1.jar:na]
	at org.apache.kafka.clients.admin.KafkaAdminClient.<init>(KafkaAdminClient.java:409) ~[kafka-clients-2.0.1.jar:na]
	at org.apache.kafka.clients.admin.KafkaAdminClient.createInternal(KafkaAdminClient.java:363) ~[kafka-clients-2.0.1.jar:na]
	... 30 common frames omitted

2019-06-26 13:45:21.806  INFO 19281 --- [main] org.apache.kafka.streams.StreamsConfig   : StreamsConfig values: 
	application.id = connector
	application.server = 
	bootstrap.servers = [couchbase.caracas.npe:9093]
	buffered.records.per.partition = 1000
	cache.max.bytes.buffering = 10485760
	client.id = 
	commit.interval.ms = 1000
	connections.max.idle.ms = 540000
	default.deserialization.exception.handler = class org.apache.kafka.streams.errors.LogAndFailExceptionHandler
	default.key.serde = class org.apache.kafka.common.serialization.Serdes$StringSerde
	default.production.exception.handler = class org.apache.kafka.streams.errors.DefaultProductionExceptionHandler
	default.timestamp.extractor = class org.apache.kafka.streams.processor.FailOnInvalidTimestamp
	default.value.serde = class org.apache.kafka.common.serialization.Serdes$StringSerde
	metadata.max.age.ms = 300000
	metric.reporters = []
	metrics.num.samples = 2
	metrics.recording.level = INFO
	metrics.sample.window.ms = 30000
	num.standby.replicas = 0
	num.stream.threads = 1
	partition.grouper = class org.apache.kafka.streams.processor.DefaultPartitionGrouper
	poll.ms = 100
	processing.guarantee = at_least_once
	receive.buffer.bytes = 32768
	reconnect.backoff.max.ms = 1000
	reconnect.backoff.ms = 50
	replication.factor = 1
	request.timeout.ms = 40000
	retries = 0
	retry.backoff.ms = 100
	rocksdb.config.setter = null
	security.protocol = PLAINTEXT
	send.buffer.bytes = 131072
	state.cleanup.delay.ms = 600000
	state.dir = /tmp/kafka-streams
	topology.optimization = none
	upgrade.from = null
	windowstore.changelog.additional.retention.ms = 86400000

2019-06-26 13:45:21.831  INFO 19281 --- [main] o.a.k.clients.admin.AdminClientConfig    : AdminClientConfig values: 
	bootstrap.servers = [couchbase.caracas.npe:9093]
	client.id = connector-5f376e71-391a-45f4-9af4-19c864868ffa-admin
	connections.max.idle.ms = 300000
	metadata.max.age.ms = 300000
	metric.reporters = []
	metrics.num.samples = 2
	metrics.recording.level = INFO
	metrics.sample.window.ms = 30000
	receive.buffer.bytes = 65536
	reconnect.backoff.max.ms = 1000
	reconnect.backoff.ms = 50
	request.timeout.ms = 120000
	retries = 5
	retry.backoff.ms = 100
	sasl.client.callback.handler.class = null
	sasl.jaas.config = null
	sasl.kerberos.kinit.cmd = /usr/bin/kinit
	sasl.kerberos.min.time.before.relogin = 60000
	sasl.kerberos.service.name = null
	sasl.kerberos.ticket.renew.jitter = 0.05
	sasl.kerberos.ticket.renew.window.factor = 0.8
	sasl.login.callback.handler.class = null
	sasl.login.class = null
	sasl.login.refresh.buffer.seconds = 300
	sasl.login.refresh.min.period.seconds = 60
	sasl.login.refresh.window.factor = 0.8
	sasl.login.refresh.window.jitter = 0.05
	sasl.mechanism = GSSAPI
	security.protocol = PLAINTEXT
	send.buffer.bytes = 131072
	ssl.cipher.suites = null
	ssl.enabled.protocols = [TLSv1.2, TLSv1.1, TLSv1]
	ssl.endpoint.identification.algorithm = https
	ssl.key.password = null
	ssl.keymanager.algorithm = SunX509
	ssl.keystore.location = null
	ssl.keystore.password = null
	ssl.keystore.type = JKS
	ssl.protocol = TLS
	ssl.provider = null
	ssl.secure.random.implementation = null
	ssl.trustmanager.algorithm = PKIX
	ssl.truststore.location = null
	ssl.truststore.password = null
	ssl.truststore.type = JKS

2019-06-26 13:45:21.841  WARN 19281 --- [main] org.apache.kafka.clients.ClientUtils     : Removing server couchbase.caracas.npe:9093 from bootstrap.servers as DNS resolution failed for couchbase.caracas.npe
2019-06-26 13:45:21.845  WARN 19281 --- [main] onfigReactiveWebServerApplicationContext : Exception encountered during context initialization - cancelling refresh attempt: org.springframework.context.ApplicationContextException: Failed to start bean 'streamsBuilderFactoryManager'; nested exception is org.springframework.kafka.KafkaException: Could not start stream: ; nested exception is org.springframework.kafka.KafkaException: Could not start stream: ; nested exception is org.apache.kafka.common.KafkaException: Failed create new KafkaAdminClient
2019-06-26 13:45:21.848  INFO 19281 --- [main] o.s.s.c.ThreadPoolTaskScheduler          : Shutting down ExecutorService 'taskScheduler'
2019-06-26 13:45:21.865  INFO 19281 --- [main] o.s.i.monitor.IntegrationMBeanExporter   : Summary on shutdown: nullChannel
2019-06-26 13:45:21.865  INFO 19281 --- [main] o.s.i.monitor.IntegrationMBeanExporter   : Summary on shutdown: errorChannel
2019-06-26 13:45:21.865  INFO 19281 --- [main] o.s.i.monitor.IntegrationMBeanExporter   : Summary on shutdown: _org.springframework.integration.errorLogger.handler
2019-06-26 13:45:21.880  INFO 19281 --- [main] ConditionEvaluationReportLoggingListener : 

Error starting ApplicationContext. To display the conditions report re-run your application with 'debug' enabled.
2019-06-26 13:45:21.886 ERROR 19281 --- [main] o.s.boot.SpringApplication               : Application run failed

org.springframework.context.ApplicationContextException: Failed to start bean 'streamsBuilderFactoryManager'; nested exception is org.springframework.kafka.KafkaException: Could not start stream: ; nested exception is org.springframework.kafka.KafkaException: Could not start stream: ; nested exception is org.apache.kafka.common.KafkaException: Failed create new KafkaAdminClient
	at org.springframework.context.support.DefaultLifecycleProcessor.doStart(DefaultLifecycleProcessor.java:185) ~[spring-context-5.1.7.RELEASE.jar:5.1.7.RELEASE]
	at org.springframework.context.support.DefaultLifecycleProcessor.access$200(DefaultLifecycleProcessor.java:53) ~[spring-context-5.1.7.RELEASE.jar:5.1.7.RELEASE]
	at org.springframework.context.support.DefaultLifecycleProcessor$LifecycleGroup.start(DefaultLifecycleProcessor.java:360) ~[spring-context-5.1.7.RELEASE.jar:5.1.7.RELEASE]
	at org.springframework.context.support.DefaultLifecycleProcessor.startBeans(DefaultLifecycleProcessor.java:158) ~[spring-context-5.1.7.RELEASE.jar:5.1.7.RELEASE]
	at org.springframework.context.support.DefaultLifecycleProcessor.onRefresh(DefaultLifecycleProcessor.java:122) ~[spring-context-5.1.7.RELEASE.jar:5.1.7.RELEASE]
	at org.springframework.context.support.AbstractApplicationContext.finishRefresh(AbstractApplicationContext.java:893) ~[spring-context-5.1.7.RELEASE.jar:5.1.7.RELEASE]
	at org.springframework.boot.web.reactive.context.ReactiveWebServerApplicationContext.finishRefresh(ReactiveWebServerApplicationContext.java:121) ~[spring-boot-2.1.5.RELEASE.jar:2.1.5.RELEASE]
	at org.springframework.context.support.AbstractApplicationContext.refresh(AbstractApplicationContext.java:552) ~[spring-context-5.1.7.RELEASE.jar:5.1.7.RELEASE]
	at org.springframework.boot.web.reactive.context.ReactiveWebServerApplicationContext.refresh(ReactiveWebServerApplicationContext.java:67) ~[spring-boot-2.1.5.RELEASE.jar:2.1.5.RELEASE]
	at org.springframework.boot.SpringApplication.refresh(SpringApplication.java:775) [spring-boot-2.1.5.RELEASE.jar:2.1.5.RELEASE]
	at org.springframework.boot.SpringApplication.refreshContext(SpringApplication.java:397) [spring-boot-2.1.5.RELEASE.jar:2.1.5.RELEASE]
	at org.springframework.boot.SpringApplication.run(SpringApplication.java:316) [spring-boot-2.1.5.RELEASE.jar:2.1.5.RELEASE]
	at org.springframework.boot.SpringApplication.run(SpringApplication.java:1260) [spring-boot-2.1.5.RELEASE.jar:2.1.5.RELEASE]
	at org.springframework.boot.SpringApplication.run(SpringApplication.java:1248) [spring-boot-2.1.5.RELEASE.jar:2.1.5.RELEASE]
	at com.nexmo.connector.ConnectorApplication.main(ConnectorApplication.java:42) [main/:na]
Caused by: org.springframework.kafka.KafkaException: Could not start stream: ; nested exception is org.springframework.kafka.KafkaException: Could not start stream: ; nested exception is org.apache.kafka.common.KafkaException: Failed create new KafkaAdminClient
	at org.springframework.cloud.stream.binder.kafka.streams.StreamsBuilderFactoryManager.start(StreamsBuilderFactoryManager.java:76) ~[spring-cloud-stream-binder-kafka-streams-2.1.2.RELEASE.jar:2.1.2.RELEASE]
	at org.springframework.context.support.DefaultLifecycleProcessor.doStart(DefaultLifecycleProcessor.java:182) ~[spring-context-5.1.7.RELEASE.jar:5.1.7.RELEASE]
	... 14 common frames omitted
Caused by: org.springframework.kafka.KafkaException: Could not start stream: ; nested exception is org.apache.kafka.common.KafkaException: Failed create new KafkaAdminClient
	at org.springframework.kafka.config.StreamsBuilderFactoryBean.start(StreamsBuilderFactoryBean.java:312) ~[spring-kafka-2.2.6.RELEASE.jar:2.2.6.RELEASE]
	at org.springframework.cloud.stream.binder.kafka.streams.StreamsBuilderFactoryManager.start(StreamsBuilderFactoryManager.java:70) ~[spring-cloud-stream-binder-kafka-streams-2.1.2.RELEASE.jar:2.1.2.RELEASE]
	... 15 common frames omitted
Caused by: org.apache.kafka.common.KafkaException: Failed create new KafkaAdminClient
	at org.apache.kafka.clients.admin.KafkaAdminClient.createInternal(KafkaAdminClient.java:370) ~[kafka-clients-2.0.1.jar:na]
	at org.apache.kafka.clients.admin.AdminClient.create(AdminClient.java:62) ~[kafka-clients-2.0.1.jar:na]
	at org.apache.kafka.streams.processor.internals.DefaultKafkaClientSupplier.getAdminClient(DefaultKafkaClientSupplier.java:34) ~[kafka-streams-2.0.1.jar:na]
	at org.apache.kafka.streams.KafkaStreams.<init>(KafkaStreams.java:707) ~[kafka-streams-2.0.1.jar:na]
	at org.apache.kafka.streams.KafkaStreams.<init>(KafkaStreams.java:556) ~[kafka-streams-2.0.1.jar:na]
	at org.springframework.kafka.config.StreamsBuilderFactoryBean.start(StreamsBuilderFactoryBean.java:294) ~[spring-kafka-2.2.6.RELEASE.jar:2.2.6.RELEASE]
	... 16 common frames omitted
Caused by: org.apache.kafka.common.config.ConfigException: No resolvable bootstrap urls given in bootstrap.servers
	at org.apache.kafka.clients.ClientUtils.parseAndValidateAddresses(ClientUtils.java:66) ~[kafka-clients-2.0.1.jar:na]
	at org.apache.kafka.clients.admin.KafkaAdminClient.<init>(KafkaAdminClient.java:409) ~[kafka-clients-2.0.1.jar:na]
	at org.apache.kafka.clients.admin.KafkaAdminClient.createInternal(KafkaAdminClient.java:363) ~[kafka-clients-2.0.1.jar:na]
	... 21 common frames omitted

2019-06-26 13:45:48.962  INFO 19345 --- [main] c.nexmo.connector.ConnectorApplication   : Starting ConnectorApplication on pjurkovic with PID 19345 (/home/pjurkovic/eclipsews/connector/bin/main started by pjurkovic in /home/pjurkovic/eclipsews/connector)
2019-06-26 13:45:48.964  INFO 19345 --- [main] c.nexmo.connector.ConnectorApplication   : The following profiles are active: dev
2019-06-26 13:45:50.154  INFO 19345 --- [main] faultConfiguringBeanFactoryPostProcessor : No bean named 'errorChannel' has been explicitly defined. Therefore, a default PublishSubscribeChannel will be created.
2019-06-26 13:45:50.158  INFO 19345 --- [main] faultConfiguringBeanFactoryPostProcessor : No bean named 'taskScheduler' has been explicitly defined. Therefore, a default ThreadPoolTaskScheduler will be created.
2019-06-26 13:45:50.161  INFO 19345 --- [main] faultConfiguringBeanFactoryPostProcessor : No bean named 'integrationHeaderChannelRegistry' has been explicitly defined. Therefore, a default DefaultHeaderChannelRegistry will be created.
2019-06-26 13:45:50.213  INFO 19345 --- [main] trationDelegate$BeanPostProcessorChecker : Bean 'org.springframework.kafka.annotation.KafkaBootstrapConfiguration' of type [org.springframework.kafka.annotation.KafkaBootstrapConfiguration$$EnhancerBySpringCGLIB$$756754e1] is not eligible for getting processed by all BeanPostProcessors (for example: not eligible for auto-proxying)
2019-06-26 13:45:50.222  INFO 19345 --- [main] trationDelegate$BeanPostProcessorChecker : Bean 'integrationDisposableAutoCreatedBeans' of type [org.springframework.integration.config.annotation.Disposables] is not eligible for getting processed by all BeanPostProcessors (for example: not eligible for auto-proxying)
2019-06-26 13:45:50.237  INFO 19345 --- [main] trationDelegate$BeanPostProcessorChecker : Bean 'org.springframework.integration.config.IntegrationManagementConfiguration' of type [org.springframework.integration.config.IntegrationManagementConfiguration$$EnhancerBySpringCGLIB$$ca6fe8d] is not eligible for getting processed by all BeanPostProcessors (for example: not eligible for auto-proxying)
2019-06-26 13:45:50.245  INFO 19345 --- [main] trationDelegate$BeanPostProcessorChecker : Bean 'org.springframework.boot.autoconfigure.integration.IntegrationAutoConfiguration$IntegrationJmxConfiguration' of type [org.springframework.boot.autoconfigure.integration.IntegrationAutoConfiguration$IntegrationJmxConfiguration$$EnhancerBySpringCGLIB$$e83909ad] is not eligible for getting processed by all BeanPostProcessors (for example: not eligible for auto-proxying)
2019-06-26 13:45:50.252  INFO 19345 --- [main] trationDelegate$BeanPostProcessorChecker : Bean 'org.springframework.boot.autoconfigure.jmx.JmxAutoConfiguration' of type [org.springframework.boot.autoconfigure.jmx.JmxAutoConfiguration$$EnhancerBySpringCGLIB$$2120b27a] is not eligible for getting processed by all BeanPostProcessors (for example: not eligible for auto-proxying)
2019-06-26 13:45:50.255  INFO 19345 --- [main] trationDelegate$BeanPostProcessorChecker : Bean 'mbeanServer' of type [com.sun.jmx.mbeanserver.JmxMBeanServer] is not eligible for getting processed by all BeanPostProcessors (for example: not eligible for auto-proxying)
2019-06-26 13:45:51.108  INFO 19345 --- [main] o.s.s.c.ThreadPoolTaskScheduler          : Initializing ExecutorService 'taskScheduler'
2019-06-26 13:45:51.172  INFO 19345 --- [main] o.s.b.a.e.web.EndpointLinksResolver      : Exposing 19 endpoint(s) beneath base path '/actuator'
2019-06-26 13:45:51.764  INFO 19345 --- [main] amsStreamListenerSetupMethodOrchestrator : Native decoding is enabled for messages. Inbound deserialization done at the broker.
2019-06-26 13:45:51.828  INFO 19345 --- [main] o.s.i.monitor.IntegrationMBeanExporter   : Registering MessageChannel nullChannel
2019-06-26 13:45:51.850  INFO 19345 --- [main] o.s.i.monitor.IntegrationMBeanExporter   : Registering MessageChannel errorChannel
2019-06-26 13:45:51.904  INFO 19345 --- [main] o.s.i.monitor.IntegrationMBeanExporter   : Registering MessageHandler errorLogger
2019-06-26 13:45:51.932  INFO 19345 --- [main] o.s.i.endpoint.EventDrivenConsumer       : Adding {logging-channel-adapter:_org.springframework.integration.errorLogger} as a subscriber to the 'errorChannel' channel
2019-06-26 13:45:51.932  INFO 19345 --- [main] o.s.i.channel.PublishSubscribeChannel    : Channel 'application.errorChannel' has 1 subscriber(s).
2019-06-26 13:45:51.932  INFO 19345 --- [main] o.s.i.endpoint.EventDrivenConsumer       : started _org.springframework.integration.errorLogger
2019-06-26 13:45:52.179  INFO 19345 --- [main] o.s.c.s.b.k.p.KafkaTopicProvisioner      : Using kafka topic for outbound: callbacks
2019-06-26 13:45:52.180  INFO 19345 --- [main] o.a.k.clients.admin.AdminClientConfig    : AdminClientConfig values: 
	bootstrap.servers = [couchbase2.caracas.npe:9093]
	client.id = 
	connections.max.idle.ms = 300000
	metadata.max.age.ms = 300000
	metric.reporters = []
	metrics.num.samples = 2
	metrics.recording.level = INFO
	metrics.sample.window.ms = 30000
	receive.buffer.bytes = 65536
	reconnect.backoff.max.ms = 1000
	reconnect.backoff.ms = 50
	request.timeout.ms = 120000
	retries = 5
	retry.backoff.ms = 100
	sasl.client.callback.handler.class = null
	sasl.jaas.config = null
	sasl.kerberos.kinit.cmd = /usr/bin/kinit
	sasl.kerberos.min.time.before.relogin = 60000
	sasl.kerberos.service.name = null
	sasl.kerberos.ticket.renew.jitter = 0.05
	sasl.kerberos.ticket.renew.window.factor = 0.8
	sasl.login.callback.handler.class = null
	sasl.login.class = null
	sasl.login.refresh.buffer.seconds = 300
	sasl.login.refresh.min.period.seconds = 60
	sasl.login.refresh.window.factor = 0.8
	sasl.login.refresh.window.jitter = 0.05
	sasl.mechanism = GSSAPI
	security.protocol = PLAINTEXT
	send.buffer.bytes = 131072
	ssl.cipher.suites = null
	ssl.enabled.protocols = [TLSv1.2, TLSv1.1, TLSv1]
	ssl.endpoint.identification.algorithm = https
	ssl.key.password = null
	ssl.keymanager.algorithm = SunX509
	ssl.keystore.location = null
	ssl.keystore.password = null
	ssl.keystore.type = JKS
	ssl.protocol = TLS
	ssl.provider = null
	ssl.secure.random.implementation = null
	ssl.trustmanager.algorithm = PKIX
	ssl.truststore.location = null
	ssl.truststore.password = null
	ssl.truststore.type = JKS

2019-06-26 13:45:52.253  INFO 19345 --- [main] o.a.kafka.common.utils.AppInfoParser     : Kafka version : 2.0.1
2019-06-26 13:45:52.253  INFO 19345 --- [main] o.a.kafka.common.utils.AppInfoParser     : Kafka commitId : fa14705e51bd2ce5
2019-06-26 13:45:53.054  INFO 19345 --- [main] o.s.c.s.b.kafka.streams.KStreamBinder    : Native encoding is disabled for callbacks. Outbound message conversion done by Spring Cloud Stream.
2019-06-26 13:45:53.070  INFO 19345 --- [main] o.a.k.clients.admin.AdminClientConfig    : AdminClientConfig values: 
	bootstrap.servers = [couchbase2.caracas.npe:9093]
	client.id = 
	connections.max.idle.ms = 300000
	metadata.max.age.ms = 300000
	metric.reporters = []
	metrics.num.samples = 2
	metrics.recording.level = INFO
	metrics.sample.window.ms = 30000
	receive.buffer.bytes = 65536
	reconnect.backoff.max.ms = 1000
	reconnect.backoff.ms = 50
	request.timeout.ms = 120000
	retries = 5
	retry.backoff.ms = 100
	sasl.client.callback.handler.class = null
	sasl.jaas.config = null
	sasl.kerberos.kinit.cmd = /usr/bin/kinit
	sasl.kerberos.min.time.before.relogin = 60000
	sasl.kerberos.service.name = null
	sasl.kerberos.ticket.renew.jitter = 0.05
	sasl.kerberos.ticket.renew.window.factor = 0.8
	sasl.login.callback.handler.class = null
	sasl.login.class = null
	sasl.login.refresh.buffer.seconds = 300
	sasl.login.refresh.min.period.seconds = 60
	sasl.login.refresh.window.factor = 0.8
	sasl.login.refresh.window.jitter = 0.05
	sasl.mechanism = GSSAPI
	security.protocol = PLAINTEXT
	send.buffer.bytes = 131072
	ssl.cipher.suites = null
	ssl.enabled.protocols = [TLSv1.2, TLSv1.1, TLSv1]
	ssl.endpoint.identification.algorithm = https
	ssl.key.password = null
	ssl.keymanager.algorithm = SunX509
	ssl.keystore.location = null
	ssl.keystore.password = null
	ssl.keystore.type = JKS
	ssl.protocol = TLS
	ssl.provider = null
	ssl.secure.random.implementation = null
	ssl.trustmanager.algorithm = PKIX
	ssl.truststore.location = null
	ssl.truststore.password = null
	ssl.truststore.type = JKS

2019-06-26 13:45:53.075  INFO 19345 --- [main] o.a.kafka.common.utils.AppInfoParser     : Kafka version : 2.0.1
2019-06-26 13:45:53.076  INFO 19345 --- [main] o.a.kafka.common.utils.AppInfoParser     : Kafka commitId : fa14705e51bd2ce5
2019-06-26 13:45:53.506  INFO 19345 --- [main] org.apache.kafka.streams.StreamsConfig   : StreamsConfig values: 
	application.id = connector
	application.server = 
	bootstrap.servers = [couchbase2.caracas.npe:9093]
	buffered.records.per.partition = 1000
	cache.max.bytes.buffering = 10485760
	client.id = 
	commit.interval.ms = 1000
	connections.max.idle.ms = 540000
	default.deserialization.exception.handler = class org.apache.kafka.streams.errors.LogAndFailExceptionHandler
	default.key.serde = class org.apache.kafka.common.serialization.Serdes$StringSerde
	default.production.exception.handler = class org.apache.kafka.streams.errors.DefaultProductionExceptionHandler
	default.timestamp.extractor = class org.apache.kafka.streams.processor.FailOnInvalidTimestamp
	default.value.serde = class org.apache.kafka.common.serialization.Serdes$StringSerde
	metadata.max.age.ms = 300000
	metric.reporters = []
	metrics.num.samples = 2
	metrics.recording.level = INFO
	metrics.sample.window.ms = 30000
	num.standby.replicas = 0
	num.stream.threads = 1
	partition.grouper = class org.apache.kafka.streams.processor.DefaultPartitionGrouper
	poll.ms = 100
	processing.guarantee = at_least_once
	receive.buffer.bytes = 32768
	reconnect.backoff.max.ms = 1000
	reconnect.backoff.ms = 50
	replication.factor = 1
	request.timeout.ms = 40000
	retries = 0
	retry.backoff.ms = 100
	rocksdb.config.setter = null
	security.protocol = PLAINTEXT
	send.buffer.bytes = 131072
	state.cleanup.delay.ms = 600000
	state.dir = /tmp/kafka-streams
	topology.optimization = none
	upgrade.from = null
	windowstore.changelog.additional.retention.ms = 86400000

2019-06-26 13:45:53.545  INFO 19345 --- [main] o.a.k.clients.admin.AdminClientConfig    : AdminClientConfig values: 
	bootstrap.servers = [couchbase2.caracas.npe:9093]
	client.id = connector-1c9fabe2-0857-45d1-b185-3717643c26a2-admin
	connections.max.idle.ms = 300000
	metadata.max.age.ms = 300000
	metric.reporters = []
	metrics.num.samples = 2
	metrics.recording.level = INFO
	metrics.sample.window.ms = 30000
	receive.buffer.bytes = 65536
	reconnect.backoff.max.ms = 1000
	reconnect.backoff.ms = 50
	request.timeout.ms = 120000
	retries = 5
	retry.backoff.ms = 100
	sasl.client.callback.handler.class = null
	sasl.jaas.config = null
	sasl.kerberos.kinit.cmd = /usr/bin/kinit
	sasl.kerberos.min.time.before.relogin = 60000
	sasl.kerberos.service.name = null
	sasl.kerberos.ticket.renew.jitter = 0.05
	sasl.kerberos.ticket.renew.window.factor = 0.8
	sasl.login.callback.handler.class = null
	sasl.login.class = null
	sasl.login.refresh.buffer.seconds = 300
	sasl.login.refresh.min.period.seconds = 60
	sasl.login.refresh.window.factor = 0.8
	sasl.login.refresh.window.jitter = 0.05
	sasl.mechanism = GSSAPI
	security.protocol = PLAINTEXT
	send.buffer.bytes = 131072
	ssl.cipher.suites = null
	ssl.enabled.protocols = [TLSv1.2, TLSv1.1, TLSv1]
	ssl.endpoint.identification.algorithm = https
	ssl.key.password = null
	ssl.keymanager.algorithm = SunX509
	ssl.keystore.location = null
	ssl.keystore.password = null
	ssl.keystore.type = JKS
	ssl.protocol = TLS
	ssl.provider = null
	ssl.secure.random.implementation = null
	ssl.trustmanager.algorithm = PKIX
	ssl.truststore.location = null
	ssl.truststore.password = null
	ssl.truststore.type = JKS

2019-06-26 13:45:53.571  WARN 19345 --- [main] o.a.k.clients.admin.AdminClientConfig    : The configuration 'spring.cloud.stream.kafka.streams.dlq.dispatchers' was supplied but isn't a known config.
2019-06-26 13:45:53.574  INFO 19345 --- [main] o.a.kafka.common.utils.AppInfoParser     : Kafka version : 2.0.1
2019-06-26 13:45:53.575  INFO 19345 --- [main] o.a.kafka.common.utils.AppInfoParser     : Kafka commitId : fa14705e51bd2ce5
2019-06-26 13:45:53.586  INFO 19345 --- [main] o.a.k.s.p.internals.StreamThread         : stream-thread [connector-1c9fabe2-0857-45d1-b185-3717643c26a2-StreamThread-1] Creating restore consumer client
2019-06-26 13:45:53.587  INFO 19345 --- [main] o.a.k.clients.consumer.ConsumerConfig    : ConsumerConfig values: 
	auto.commit.interval.ms = 5000
	auto.offset.reset = none
	bootstrap.servers = [couchbase2.caracas.npe:9093]
	check.crcs = true
	client.id = connector-1c9fabe2-0857-45d1-b185-3717643c26a2-StreamThread-1-restore-consumer
	connections.max.idle.ms = 540000
	default.api.timeout.ms = 60000
	enable.auto.commit = false
	exclude.internal.topics = true
	fetch.max.bytes = 52428800
	fetch.max.wait.ms = 500
	fetch.min.bytes = 1
	group.id = 
	heartbeat.interval.ms = 3000
	interceptor.classes = []
	internal.leave.group.on.close = false
	isolation.level = read_uncommitted
	key.deserializer = class org.apache.kafka.common.serialization.ByteArrayDeserializer
	max.partition.fetch.bytes = 1048576
	max.poll.interval.ms = 2147483647
	max.poll.records = 1000
	metadata.max.age.ms = 300000
	metric.reporters = []
	metrics.num.samples = 2
	metrics.recording.level = INFO
	metrics.sample.window.ms = 30000
	partition.assignment.strategy = [class org.apache.kafka.clients.consumer.RangeAssignor]
	receive.buffer.bytes = 65536
	reconnect.backoff.max.ms = 1000
	reconnect.backoff.ms = 50
	request.timeout.ms = 30000
	retry.backoff.ms = 100
	sasl.client.callback.handler.class = null
	sasl.jaas.config = null
	sasl.kerberos.kinit.cmd = /usr/bin/kinit
	sasl.kerberos.min.time.before.relogin = 60000
	sasl.kerberos.service.name = null
	sasl.kerberos.ticket.renew.jitter = 0.05
	sasl.kerberos.ticket.renew.window.factor = 0.8
	sasl.login.callback.handler.class = null
	sasl.login.class = null
	sasl.login.refresh.buffer.seconds = 300
	sasl.login.refresh.min.period.seconds = 60
	sasl.login.refresh.window.factor = 0.8
	sasl.login.refresh.window.jitter = 0.05
	sasl.mechanism = GSSAPI
	security.protocol = PLAINTEXT
	send.buffer.bytes = 131072
	session.timeout.ms = 10000
	ssl.cipher.suites = null
	ssl.enabled.protocols = [TLSv1.2, TLSv1.1, TLSv1]
	ssl.endpoint.identification.algorithm = https
	ssl.key.password = null
	ssl.keymanager.algorithm = SunX509
	ssl.keystore.location = null
	ssl.keystore.password = null
	ssl.keystore.type = JKS
	ssl.protocol = TLS
	ssl.provider = null
	ssl.secure.random.implementation = null
	ssl.trustmanager.algorithm = PKIX
	ssl.truststore.location = null
	ssl.truststore.password = null
	ssl.truststore.type = JKS
	value.deserializer = class org.apache.kafka.common.serialization.ByteArrayDeserializer

2019-06-26 13:45:53.682  WARN 19345 --- [main] o.a.k.clients.consumer.ConsumerConfig    : The configuration 'spring.cloud.stream.kafka.streams.dlq.dispatchers' was supplied but isn't a known config.
2019-06-26 13:45:53.683  INFO 19345 --- [main] o.a.kafka.common.utils.AppInfoParser     : Kafka version : 2.0.1
2019-06-26 13:45:53.684  INFO 19345 --- [main] o.a.kafka.common.utils.AppInfoParser     : Kafka commitId : fa14705e51bd2ce5
2019-06-26 13:45:53.685  INFO 19345 --- [main] o.a.k.s.p.internals.StreamThread         : stream-thread [connector-1c9fabe2-0857-45d1-b185-3717643c26a2-StreamThread-1] Creating shared producer client
2019-06-26 13:45:53.690  INFO 19345 --- [main] o.a.k.clients.producer.ProducerConfig    : ProducerConfig values: 
	acks = 1
	batch.size = 16384
	bootstrap.servers = [couchbase2.caracas.npe:9093]
	buffer.memory = 33554432
	client.id = connector-1c9fabe2-0857-45d1-b185-3717643c26a2-StreamThread-1-producer
	compression.type = none
	connections.max.idle.ms = 540000
	enable.idempotence = false
	interceptor.classes = []
	key.serializer = class org.apache.kafka.common.serialization.ByteArraySerializer
	linger.ms = 100
	max.block.ms = 60000
	max.in.flight.requests.per.connection = 5
	max.request.size = 1048576
	metadata.max.age.ms = 300000
	metric.reporters = []
	metrics.num.samples = 2
	metrics.recording.level = INFO
	metrics.sample.window.ms = 30000
	partitioner.class = class org.apache.kafka.clients.producer.internals.DefaultPartitioner
	receive.buffer.bytes = 32768
	reconnect.backoff.max.ms = 1000
	reconnect.backoff.ms = 50
	request.timeout.ms = 30000
	retries = 10
	retry.backoff.ms = 100
	sasl.client.callback.handler.class = null
	sasl.jaas.config = null
	sasl.kerberos.kinit.cmd = /usr/bin/kinit
	sasl.kerberos.min.time.before.relogin = 60000
	sasl.kerberos.service.name = null
	sasl.kerberos.ticket.renew.jitter = 0.05
	sasl.kerberos.ticket.renew.window.factor = 0.8
	sasl.login.callback.handler.class = null
	sasl.login.class = null
	sasl.login.refresh.buffer.seconds = 300
	sasl.login.refresh.min.period.seconds = 60
	sasl.login.refresh.window.factor = 0.8
	sasl.login.refresh.window.jitter = 0.05
	sasl.mechanism = GSSAPI
	security.protocol = PLAINTEXT
	send.buffer.bytes = 131072
	ssl.cipher.suites = null
	ssl.enabled.protocols = [TLSv1.2, TLSv1.1, TLSv1]
	ssl.endpoint.identification.algorithm = https
	ssl.key.password = null
	ssl.keymanager.algorithm = SunX509
	ssl.keystore.location = null
	ssl.keystore.password = null
	ssl.keystore.type = JKS
	ssl.protocol = TLS
	ssl.provider = null
	ssl.secure.random.implementation = null
	ssl.trustmanager.algorithm = PKIX
	ssl.truststore.location = null
	ssl.truststore.password = null
	ssl.truststore.type = JKS
	transaction.timeout.ms = 60000
	transactional.id = null
	value.serializer = class org.apache.kafka.common.serialization.ByteArraySerializer

2019-06-26 13:45:53.718  WARN 19345 --- [main] o.a.k.clients.producer.ProducerConfig    : The configuration 'spring.cloud.stream.kafka.streams.dlq.dispatchers' was supplied but isn't a known config.
2019-06-26 13:45:53.718  INFO 19345 --- [main] o.a.kafka.common.utils.AppInfoParser     : Kafka version : 2.0.1
2019-06-26 13:45:53.718  INFO 19345 --- [main] o.a.kafka.common.utils.AppInfoParser     : Kafka commitId : fa14705e51bd2ce5
2019-06-26 13:45:53.724  INFO 19345 --- [main] o.a.k.s.p.internals.StreamThread         : stream-thread [connector-1c9fabe2-0857-45d1-b185-3717643c26a2-StreamThread-1] Creating consumer client
2019-06-26 13:45:53.725  INFO 19345 --- [main] o.a.k.clients.admin.AdminClientConfig    : AdminClientConfig values: 
	bootstrap.servers = [couchbase2.caracas.npe:9093]
	client.id = 
	connections.max.idle.ms = 300000
	metadata.max.age.ms = 300000
	metric.reporters = []
	metrics.num.samples = 2
	metrics.recording.level = INFO
	metrics.sample.window.ms = 30000
	receive.buffer.bytes = 65536
	reconnect.backoff.max.ms = 1000
	reconnect.backoff.ms = 50
	request.timeout.ms = 120000
	retries = 5
	retry.backoff.ms = 100
	sasl.client.callback.handler.class = null
	sasl.jaas.config = null
	sasl.kerberos.kinit.cmd = /usr/bin/kinit
	sasl.kerberos.min.time.before.relogin = 60000
	sasl.kerberos.service.name = null
	sasl.kerberos.ticket.renew.jitter = 0.05
	sasl.kerberos.ticket.renew.window.factor = 0.8
	sasl.login.callback.handler.class = null
	sasl.login.class = null
	sasl.login.refresh.buffer.seconds = 300
	sasl.login.refresh.min.period.seconds = 60
	sasl.login.refresh.window.factor = 0.8
	sasl.login.refresh.window.jitter = 0.05
	sasl.mechanism = GSSAPI
	security.protocol = PLAINTEXT
	send.buffer.bytes = 131072
	ssl.cipher.suites = null
	ssl.enabled.protocols = [TLSv1.2, TLSv1.1, TLSv1]
	ssl.endpoint.identification.algorithm = https
	ssl.key.password = null
	ssl.keymanager.algorithm = SunX509
	ssl.keystore.location = null
	ssl.keystore.password = null
	ssl.keystore.type = JKS
	ssl.protocol = TLS
	ssl.provider = null
	ssl.secure.random.implementation = null
	ssl.trustmanager.algorithm = PKIX
	ssl.truststore.location = null
	ssl.truststore.password = null
	ssl.truststore.type = JKS

2019-06-26 13:45:53.726  INFO 19345 --- [main] o.a.k.clients.consumer.ConsumerConfig    : ConsumerConfig values: 
	auto.commit.interval.ms = 5000
	auto.offset.reset = earliest
	bootstrap.servers = [couchbase2.caracas.npe:9093]
	check.crcs = true
	client.id = connector-1c9fabe2-0857-45d1-b185-3717643c26a2-StreamThread-1-consumer
	connections.max.idle.ms = 540000
	default.api.timeout.ms = 60000
	enable.auto.commit = false
	exclude.internal.topics = true
	fetch.max.bytes = 52428800
	fetch.max.wait.ms = 500
	fetch.min.bytes = 1
	group.id = connector
	heartbeat.interval.ms = 3000
	interceptor.classes = []
	internal.leave.group.on.close = false
	isolation.level = read_uncommitted
	key.deserializer = class org.apache.kafka.common.serialization.ByteArrayDeserializer
	max.partition.fetch.bytes = 1048576
	max.poll.interval.ms = 2147483647
	max.poll.records = 1000
	metadata.max.age.ms = 300000
	metric.reporters = []
	metrics.num.samples = 2
	metrics.recording.level = INFO
	metrics.sample.window.ms = 30000
	partition.assignment.strategy = [org.apache.kafka.streams.processor.internals.StreamsPartitionAssignor]
	receive.buffer.bytes = 65536
	reconnect.backoff.max.ms = 1000
	reconnect.backoff.ms = 50
	request.timeout.ms = 30000
	retry.backoff.ms = 100
	sasl.client.callback.handler.class = null
	sasl.jaas.config = null
	sasl.kerberos.kinit.cmd = /usr/bin/kinit
	sasl.kerberos.min.time.before.relogin = 60000
	sasl.kerberos.service.name = null
	sasl.kerberos.ticket.renew.jitter = 0.05
	sasl.kerberos.ticket.renew.window.factor = 0.8
	sasl.login.callback.handler.class = null
	sasl.login.class = null
	sasl.login.refresh.buffer.seconds = 300
	sasl.login.refresh.min.period.seconds = 60
	sasl.login.refresh.window.factor = 0.8
	sasl.login.refresh.window.jitter = 0.05
	sasl.mechanism = GSSAPI
	security.protocol = PLAINTEXT
	send.buffer.bytes = 131072
	session.timeout.ms = 10000
	ssl.cipher.suites = null
	ssl.enabled.protocols = [TLSv1.2, TLSv1.1, TLSv1]
	ssl.endpoint.identification.algorithm = https
	ssl.key.password = null
	ssl.keymanager.algorithm = SunX509
	ssl.keystore.location = null
	ssl.keystore.password = null
	ssl.keystore.type = JKS
	ssl.protocol = TLS
	ssl.provider = null
	ssl.secure.random.implementation = null
	ssl.trustmanager.algorithm = PKIX
	ssl.truststore.location = null
	ssl.truststore.password = null
	ssl.truststore.type = JKS
	value.deserializer = class org.apache.kafka.common.serialization.ByteArrayDeserializer

2019-06-26 13:45:53.732  INFO 19345 --- [main] org.apache.kafka.streams.StreamsConfig   : StreamsConfig values: 
	application.id = connector
	application.server = 
	bootstrap.servers = [couchbase2.caracas.npe:9093]
	buffered.records.per.partition = 1000
	cache.max.bytes.buffering = 10485760
	client.id = connector-1c9fabe2-0857-45d1-b185-3717643c26a2-StreamThread-1-consumer
	commit.interval.ms = 30000
	connections.max.idle.ms = 540000
	default.deserialization.exception.handler = class org.apache.kafka.streams.errors.LogAndFailExceptionHandler
	default.key.serde = class org.apache.kafka.common.serialization.Serdes$ByteArraySerde
	default.production.exception.handler = class org.apache.kafka.streams.errors.DefaultProductionExceptionHandler
	default.timestamp.extractor = class org.apache.kafka.streams.processor.FailOnInvalidTimestamp
	default.value.serde = class org.apache.kafka.common.serialization.Serdes$ByteArraySerde
	metadata.max.age.ms = 300000
	metric.reporters = []
	metrics.num.samples = 2
	metrics.recording.level = INFO
	metrics.sample.window.ms = 30000
	num.standby.replicas = 0
	num.stream.threads = 1
	partition.grouper = class org.apache.kafka.streams.processor.DefaultPartitionGrouper
	poll.ms = 100
	processing.guarantee = at_least_once
	receive.buffer.bytes = 32768
	reconnect.backoff.max.ms = 1000
	reconnect.backoff.ms = 50
	replication.factor = 1
	request.timeout.ms = 40000
	retries = 0
	retry.backoff.ms = 100
	rocksdb.config.setter = null
	security.protocol = PLAINTEXT
	send.buffer.bytes = 131072
	state.cleanup.delay.ms = 600000
	state.dir = /tmp/kafka-streams
	topology.optimization = none
	upgrade.from = null
	windowstore.changelog.additional.retention.ms = 86400000

2019-06-26 13:45:53.733  INFO 19345 --- [main] o.a.k.clients.admin.AdminClientConfig    : AdminClientConfig values: 
	bootstrap.servers = [couchbase2.caracas.npe:9093]
	client.id = dummy-admin
	connections.max.idle.ms = 300000
	metadata.max.age.ms = 300000
	metric.reporters = []
	metrics.num.samples = 2
	metrics.recording.level = INFO
	metrics.sample.window.ms = 30000
	receive.buffer.bytes = 65536
	reconnect.backoff.max.ms = 1000
	reconnect.backoff.ms = 50
	request.timeout.ms = 120000
	retries = 5
	retry.backoff.ms = 100
	sasl.client.callback.handler.class = null
	sasl.jaas.config = null
	sasl.kerberos.kinit.cmd = /usr/bin/kinit
	sasl.kerberos.min.time.before.relogin = 60000
	sasl.kerberos.service.name = null
	sasl.kerberos.ticket.renew.jitter = 0.05
	sasl.kerberos.ticket.renew.window.factor = 0.8
	sasl.login.callback.handler.class = null
	sasl.login.class = null
	sasl.login.refresh.buffer.seconds = 300
	sasl.login.refresh.min.period.seconds = 60
	sasl.login.refresh.window.factor = 0.8
	sasl.login.refresh.window.jitter = 0.05
	sasl.mechanism = GSSAPI
	security.protocol = PLAINTEXT
	send.buffer.bytes = 131072
	ssl.cipher.suites = null
	ssl.enabled.protocols = [TLSv1.2, TLSv1.1, TLSv1]
	ssl.endpoint.identification.algorithm = https
	ssl.key.password = null
	ssl.keymanager.algorithm = SunX509
	ssl.keystore.location = null
	ssl.keystore.password = null
	ssl.keystore.type = JKS
	ssl.protocol = TLS
	ssl.provider = null
	ssl.secure.random.implementation = null
	ssl.trustmanager.algorithm = PKIX
	ssl.truststore.location = null
	ssl.truststore.password = null
	ssl.truststore.type = JKS

2019-06-26 13:45:53.737  WARN 19345 --- [main] o.a.k.clients.consumer.ConsumerConfig    : The configuration 'spring.cloud.stream.kafka.streams.dlq.dispatchers' was supplied but isn't a known config.
2019-06-26 13:45:53.737  WARN 19345 --- [main] o.a.k.clients.consumer.ConsumerConfig    : The configuration 'admin.retries' was supplied but isn't a known config.
2019-06-26 13:45:53.737  INFO 19345 --- [main] o.a.kafka.common.utils.AppInfoParser     : Kafka version : 2.0.1
2019-06-26 13:45:53.737  INFO 19345 --- [main] o.a.kafka.common.utils.AppInfoParser     : Kafka commitId : fa14705e51bd2ce5
2019-06-26 13:45:53.742  INFO 19345 --- [connector-1c9fabe2-0857-45d1-b185-3717643c26a2-StreamThread-1] o.a.k.s.p.internals.StreamThread         : stream-thread [connector-1c9fabe2-0857-45d1-b185-3717643c26a2-StreamThread-1] Starting
2019-06-26 13:45:53.742  INFO 19345 --- [connector-1c9fabe2-0857-45d1-b185-3717643c26a2-StreamThread-1] o.a.k.s.p.internals.StreamThread         : stream-thread [connector-1c9fabe2-0857-45d1-b185-3717643c26a2-StreamThread-1] State transition from CREATED to RUNNING
2019-06-26 13:45:53.750  INFO 19345 --- [main] org.apache.kafka.streams.KafkaStreams    : stream-client [connector-1c9fabe2-0857-45d1-b185-3717643c26a2] Started Streams client
2019-06-26 13:45:53.900  INFO 19345 --- [connector-1c9fabe2-0857-45d1-b185-3717643c26a2-StreamThread-1] org.apache.kafka.clients.Metadata        : Cluster ID: ho07puiUTw-nD33e9qCPrg
2019-06-26 13:45:54.039  INFO 19345 --- [main] o.s.b.web.embedded.netty.NettyWebServer  : Netty started on port(s): 8090
2019-06-26 13:45:54.041  INFO 19345 --- [main] c.nexmo.connector.ConnectorApplication   : Started ConnectorApplication in 5.336 seconds (JVM running for 5.834)
2019-06-26 13:45:54.541  INFO 19345 --- [connector-1c9fabe2-0857-45d1-b185-3717643c26a2-StreamThread-1] o.a.k.c.c.internals.AbstractCoordinator  : [Consumer clientId=connector-1c9fabe2-0857-45d1-b185-3717643c26a2-StreamThread-1-consumer, groupId=connector] Discovered group coordinator couchbase2.caracas.npe:9093 (id: 2147483646 rack: null)
2019-06-26 13:45:54.542  INFO 19345 --- [connector-1c9fabe2-0857-45d1-b185-3717643c26a2-StreamThread-1] o.a.k.c.c.internals.ConsumerCoordinator  : [Consumer clientId=connector-1c9fabe2-0857-45d1-b185-3717643c26a2-StreamThread-1-consumer, groupId=connector] Revoking previously assigned partitions []
2019-06-26 13:45:54.542  INFO 19345 --- [connector-1c9fabe2-0857-45d1-b185-3717643c26a2-StreamThread-1] o.a.k.s.p.internals.StreamThread         : stream-thread [connector-1c9fabe2-0857-45d1-b185-3717643c26a2-StreamThread-1] State transition from RUNNING to PARTITIONS_REVOKED
2019-06-26 13:45:54.542  INFO 19345 --- [connector-1c9fabe2-0857-45d1-b185-3717643c26a2-StreamThread-1] org.apache.kafka.streams.KafkaStreams    : stream-client [connector-1c9fabe2-0857-45d1-b185-3717643c26a2] State transition from RUNNING to REBALANCING
2019-06-26 13:45:54.542  INFO 19345 --- [connector-1c9fabe2-0857-45d1-b185-3717643c26a2-StreamThread-1] o.a.k.s.p.internals.StreamThread         : stream-thread [connector-1c9fabe2-0857-45d1-b185-3717643c26a2-StreamThread-1] partition revocation took 0 ms.
	suspended active tasks: []
	suspended standby tasks: []
2019-06-26 13:45:54.542  INFO 19345 --- [connector-1c9fabe2-0857-45d1-b185-3717643c26a2-StreamThread-1] o.a.k.c.c.internals.AbstractCoordinator  : [Consumer clientId=connector-1c9fabe2-0857-45d1-b185-3717643c26a2-StreamThread-1-consumer, groupId=connector] (Re-)joining group
2019-06-26 13:45:54.740  INFO 19345 --- [connector-1c9fabe2-0857-45d1-b185-3717643c26a2-StreamThread-1] o.a.k.s.p.i.StreamsPartitionAssignor     : stream-thread [connector-1c9fabe2-0857-45d1-b185-3717643c26a2-StreamThread-1-consumer] Assigned tasks to clients as {1c9fabe2-0857-45d1-b185-3717643c26a2=[activeTasks: ([0_0]) standbyTasks: ([]) assignedTasks: ([0_0]) prevActiveTasks: ([]) prevStandbyTasks: ([]) prevAssignedTasks: ([]) capacity: 1]}.
2019-06-26 13:45:54.848  INFO 19345 --- [connector-1c9fabe2-0857-45d1-b185-3717643c26a2-StreamThread-1] o.a.k.c.c.internals.AbstractCoordinator  : [Consumer clientId=connector-1c9fabe2-0857-45d1-b185-3717643c26a2-StreamThread-1-consumer, groupId=connector] Successfully joined group with generation 1
2019-06-26 13:45:54.859  INFO 19345 --- [connector-1c9fabe2-0857-45d1-b185-3717643c26a2-StreamThread-1] o.a.k.c.c.internals.ConsumerCoordinator  : [Consumer clientId=connector-1c9fabe2-0857-45d1-b185-3717643c26a2-StreamThread-1-consumer, groupId=connector] Setting newly assigned partitions [messages-0]
2019-06-26 13:45:54.860  INFO 19345 --- [connector-1c9fabe2-0857-45d1-b185-3717643c26a2-StreamThread-1] o.a.k.s.p.internals.StreamThread         : stream-thread [connector-1c9fabe2-0857-45d1-b185-3717643c26a2-StreamThread-1] State transition from PARTITIONS_REVOKED to PARTITIONS_ASSIGNED
2019-06-26 13:45:54.899  INFO 19345 --- [connector-1c9fabe2-0857-45d1-b185-3717643c26a2-StreamThread-1] o.a.k.s.p.internals.StreamThread         : stream-thread [connector-1c9fabe2-0857-45d1-b185-3717643c26a2-StreamThread-1] partition assignment took 39 ms.
	current active tasks: [0_0]
	current standby tasks: []
	previous active tasks: []

2019-06-26 13:45:54.915  INFO 19345 --- [connector-1c9fabe2-0857-45d1-b185-3717643c26a2-StreamThread-1] o.a.k.s.p.internals.StreamThread         : stream-thread [connector-1c9fabe2-0857-45d1-b185-3717643c26a2-StreamThread-1] State transition from PARTITIONS_ASSIGNED to RUNNING
2019-06-26 13:45:54.917  INFO 19345 --- [connector-1c9fabe2-0857-45d1-b185-3717643c26a2-StreamThread-1] org.apache.kafka.streams.KafkaStreams    : stream-client [connector-1c9fabe2-0857-45d1-b185-3717643c26a2] State transition from REBALANCING to RUNNING
2019-06-26 13:45:55.013  INFO 19345 --- [connector-1c9fabe2-0857-45d1-b185-3717643c26a2-StreamThread-1] o.a.k.c.consumer.internals.Fetcher       : [Consumer clientId=connector-1c9fabe2-0857-45d1-b185-3717643c26a2-StreamThread-1-consumer, groupId=connector] Resetting offset for partition messages-0 to offset 0.
2019-06-26 13:50:53.896  INFO 19345 --- [kafka-producer-network-thread | connector-1c9fabe2-0857-45d1-b185-3717643c26a2-StreamThread-1-producer] org.apache.kafka.clients.Metadata        : Cluster ID: ho07puiUTw-nD33e9qCPrg
